0 info it worked if it ends with ok
1 verbose cli [ '/Users/ioannis/.nvm/v0.10.32/bin/node',
1 verbose cli   '/Users/ioannis/.nvm/v0.10.32/bin/npm',
1 verbose cli   'install' ]
2 info using npm@1.4.28
3 info using node@v0.10.32
4 verbose readDependencies using package.json deps
5 verbose install where, deps [ '/Users/ioannis/Development/phoenix_blog',
5 verbose install   [ 'phoenix',
5 verbose install     'phoenix_html',
5 verbose install     'babel-brunch',
5 verbose install     'brunch',
5 verbose install     'clean-css-brunch',
5 verbose install     'css-brunch',
5 verbose install     'javascript-brunch',
5 verbose install     'uglify-js-brunch' ] ]
6 info preinstall @
7 verbose readDependencies using package.json deps
8 verbose cache add [ 'phoenix@file:deps/phoenix', null ]
9 verbose cache add name=undefined spec="phoenix@file:deps/phoenix" args=["phoenix@file:deps/phoenix",null]
10 verbose parsed url { protocol: null,
10 verbose parsed url   slashes: null,
10 verbose parsed url   auth: null,
10 verbose parsed url   host: null,
10 verbose parsed url   port: null,
10 verbose parsed url   hostname: null,
10 verbose parsed url   hash: null,
10 verbose parsed url   search: null,
10 verbose parsed url   query: null,
10 verbose parsed url   pathname: 'phoenix@file:deps/phoenix',
10 verbose parsed url   path: 'phoenix@file:deps/phoenix',
10 verbose parsed url   href: 'phoenix@file:deps/phoenix' }
11 verbose cache add [ 'phoenix_html@file:deps/phoenix_html', null ]
12 verbose cache add name=undefined spec="phoenix_html@file:deps/phoenix_html" args=["phoenix_html@file:deps/phoenix_html",null]
13 verbose parsed url { protocol: null,
13 verbose parsed url   slashes: null,
13 verbose parsed url   auth: null,
13 verbose parsed url   host: null,
13 verbose parsed url   port: null,
13 verbose parsed url   hostname: null,
13 verbose parsed url   hash: null,
13 verbose parsed url   search: null,
13 verbose parsed url   query: null,
13 verbose parsed url   pathname: 'phoenix_html@file:deps/phoenix_html',
13 verbose parsed url   path: 'phoenix_html@file:deps/phoenix_html',
13 verbose parsed url   href: 'phoenix_html@file:deps/phoenix_html' }
14 verbose cache add [ 'babel-brunch@~6.0.0', null ]
15 verbose cache add name=undefined spec="babel-brunch@~6.0.0" args=["babel-brunch@~6.0.0",null]
16 verbose parsed url { protocol: null,
16 verbose parsed url   slashes: null,
16 verbose parsed url   auth: null,
16 verbose parsed url   host: null,
16 verbose parsed url   port: null,
16 verbose parsed url   hostname: null,
16 verbose parsed url   hash: null,
16 verbose parsed url   search: null,
16 verbose parsed url   query: null,
16 verbose parsed url   pathname: 'babel-brunch@~6.0.0',
16 verbose parsed url   path: 'babel-brunch@~6.0.0',
16 verbose parsed url   href: 'babel-brunch@~6.0.0' }
17 verbose cache add [ 'brunch@2.7.4', null ]
18 verbose cache add name=undefined spec="brunch@2.7.4" args=["brunch@2.7.4",null]
19 verbose parsed url { protocol: null,
19 verbose parsed url   slashes: null,
19 verbose parsed url   auth: null,
19 verbose parsed url   host: null,
19 verbose parsed url   port: null,
19 verbose parsed url   hostname: null,
19 verbose parsed url   hash: null,
19 verbose parsed url   search: null,
19 verbose parsed url   query: null,
19 verbose parsed url   pathname: 'brunch@2.7.4',
19 verbose parsed url   path: 'brunch@2.7.4',
19 verbose parsed url   href: 'brunch@2.7.4' }
20 verbose cache add [ 'clean-css-brunch@~2.0.0', null ]
21 verbose cache add name=undefined spec="clean-css-brunch@~2.0.0" args=["clean-css-brunch@~2.0.0",null]
22 verbose parsed url { protocol: null,
22 verbose parsed url   slashes: null,
22 verbose parsed url   auth: null,
22 verbose parsed url   host: null,
22 verbose parsed url   port: null,
22 verbose parsed url   hostname: null,
22 verbose parsed url   hash: null,
22 verbose parsed url   search: null,
22 verbose parsed url   query: null,
22 verbose parsed url   pathname: 'clean-css-brunch@~2.0.0',
22 verbose parsed url   path: 'clean-css-brunch@~2.0.0',
22 verbose parsed url   href: 'clean-css-brunch@~2.0.0' }
23 verbose cache add [ 'css-brunch@~2.0.0', null ]
24 verbose cache add name=undefined spec="css-brunch@~2.0.0" args=["css-brunch@~2.0.0",null]
25 verbose parsed url { protocol: null,
25 verbose parsed url   slashes: null,
25 verbose parsed url   auth: null,
25 verbose parsed url   host: null,
25 verbose parsed url   port: null,
25 verbose parsed url   hostname: null,
25 verbose parsed url   hash: null,
25 verbose parsed url   search: null,
25 verbose parsed url   query: null,
25 verbose parsed url   pathname: 'css-brunch@~2.0.0',
25 verbose parsed url   path: 'css-brunch@~2.0.0',
25 verbose parsed url   href: 'css-brunch@~2.0.0' }
26 verbose cache add [ 'javascript-brunch@~2.0.0', null ]
27 verbose cache add name=undefined spec="javascript-brunch@~2.0.0" args=["javascript-brunch@~2.0.0",null]
28 verbose parsed url { protocol: null,
28 verbose parsed url   slashes: null,
28 verbose parsed url   auth: null,
28 verbose parsed url   host: null,
28 verbose parsed url   port: null,
28 verbose parsed url   hostname: null,
28 verbose parsed url   hash: null,
28 verbose parsed url   search: null,
28 verbose parsed url   query: null,
28 verbose parsed url   pathname: 'javascript-brunch@~2.0.0',
28 verbose parsed url   path: 'javascript-brunch@~2.0.0',
28 verbose parsed url   href: 'javascript-brunch@~2.0.0' }
29 verbose cache add name="phoenix" spec="file:deps/phoenix" args=["phoenix","file:deps/phoenix"]
30 verbose parsed url { protocol: 'file:',
30 verbose parsed url   slashes: null,
30 verbose parsed url   auth: null,
30 verbose parsed url   host: null,
30 verbose parsed url   port: null,
30 verbose parsed url   hostname: null,
30 verbose parsed url   hash: null,
30 verbose parsed url   search: null,
30 verbose parsed url   query: null,
30 verbose parsed url   pathname: 'deps/phoenix',
30 verbose parsed url   path: 'deps/phoenix',
30 verbose parsed url   href: 'file:deps/phoenix' }
31 verbose addNamed [ 'phoenix', 'file:deps/phoenix' ]
32 verbose addNamed [ null, null ]
33 verbose cache add name="phoenix_html" spec="file:deps/phoenix_html" args=["phoenix_html","file:deps/phoenix_html"]
34 verbose parsed url { protocol: 'file:',
34 verbose parsed url   slashes: null,
34 verbose parsed url   auth: null,
34 verbose parsed url   host: null,
34 verbose parsed url   port: null,
34 verbose parsed url   hostname: null,
34 verbose parsed url   hash: null,
34 verbose parsed url   search: null,
34 verbose parsed url   query: null,
34 verbose parsed url   pathname: 'deps/phoenix_html',
34 verbose parsed url   path: 'deps/phoenix_html',
34 verbose parsed url   href: 'file:deps/phoenix_html' }
35 verbose addNamed [ 'phoenix_html', 'file:deps/phoenix_html' ]
36 verbose addNamed [ null, null ]
37 verbose cache add name="babel-brunch" spec="~6.0.0" args=["babel-brunch","~6.0.0"]
38 verbose parsed url { protocol: null,
38 verbose parsed url   slashes: null,
38 verbose parsed url   auth: null,
38 verbose parsed url   host: null,
38 verbose parsed url   port: null,
38 verbose parsed url   hostname: null,
38 verbose parsed url   hash: null,
38 verbose parsed url   search: null,
38 verbose parsed url   query: null,
38 verbose parsed url   pathname: '~6.0.0',
38 verbose parsed url   path: '~6.0.0',
38 verbose parsed url   href: '~6.0.0' }
39 verbose addNamed [ 'babel-brunch', '~6.0.0' ]
40 verbose addNamed [ null, '>=6.0.0-0 <6.1.0-0' ]
41 verbose cache add name="brunch" spec="2.7.4" args=["brunch","2.7.4"]
42 verbose parsed url { protocol: null,
42 verbose parsed url   slashes: null,
42 verbose parsed url   auth: null,
42 verbose parsed url   host: null,
42 verbose parsed url   port: null,
42 verbose parsed url   hostname: null,
42 verbose parsed url   hash: null,
42 verbose parsed url   search: null,
42 verbose parsed url   query: null,
42 verbose parsed url   pathname: '2.7.4',
42 verbose parsed url   path: '2.7.4',
42 verbose parsed url   href: '2.7.4' }
43 verbose addNamed [ 'brunch', '2.7.4' ]
44 verbose addNamed [ '2.7.4', '2.7.4' ]
45 verbose cache add name="clean-css-brunch" spec="~2.0.0" args=["clean-css-brunch","~2.0.0"]
46 verbose parsed url { protocol: null,
46 verbose parsed url   slashes: null,
46 verbose parsed url   auth: null,
46 verbose parsed url   host: null,
46 verbose parsed url   port: null,
46 verbose parsed url   hostname: null,
46 verbose parsed url   hash: null,
46 verbose parsed url   search: null,
46 verbose parsed url   query: null,
46 verbose parsed url   pathname: '~2.0.0',
46 verbose parsed url   path: '~2.0.0',
46 verbose parsed url   href: '~2.0.0' }
47 verbose addNamed [ 'clean-css-brunch', '~2.0.0' ]
48 verbose addNamed [ null, '>=2.0.0-0 <2.1.0-0' ]
49 verbose cache add name="css-brunch" spec="~2.0.0" args=["css-brunch","~2.0.0"]
50 verbose parsed url { protocol: null,
50 verbose parsed url   slashes: null,
50 verbose parsed url   auth: null,
50 verbose parsed url   host: null,
50 verbose parsed url   port: null,
50 verbose parsed url   hostname: null,
50 verbose parsed url   hash: null,
50 verbose parsed url   search: null,
50 verbose parsed url   query: null,
50 verbose parsed url   pathname: '~2.0.0',
50 verbose parsed url   path: '~2.0.0',
50 verbose parsed url   href: '~2.0.0' }
51 verbose addNamed [ 'css-brunch', '~2.0.0' ]
52 verbose addNamed [ null, '>=2.0.0-0 <2.1.0-0' ]
53 verbose cache add name="javascript-brunch" spec="~2.0.0" args=["javascript-brunch","~2.0.0"]
54 verbose parsed url { protocol: null,
54 verbose parsed url   slashes: null,
54 verbose parsed url   auth: null,
54 verbose parsed url   host: null,
54 verbose parsed url   port: null,
54 verbose parsed url   hostname: null,
54 verbose parsed url   hash: null,
54 verbose parsed url   search: null,
54 verbose parsed url   query: null,
54 verbose parsed url   pathname: '~2.0.0',
54 verbose parsed url   path: '~2.0.0',
54 verbose parsed url   href: '~2.0.0' }
55 verbose addNamed [ 'javascript-brunch', '~2.0.0' ]
56 verbose addNamed [ null, '>=2.0.0-0 <2.1.0-0' ]
57 verbose cache add [ 'uglify-js-brunch@~2.0.1', null ]
58 verbose cache add name=undefined spec="uglify-js-brunch@~2.0.1" args=["uglify-js-brunch@~2.0.1",null]
59 verbose parsed url { protocol: null,
59 verbose parsed url   slashes: null,
59 verbose parsed url   auth: null,
59 verbose parsed url   host: null,
59 verbose parsed url   port: null,
59 verbose parsed url   hostname: null,
59 verbose parsed url   hash: null,
59 verbose parsed url   search: null,
59 verbose parsed url   query: null,
59 verbose parsed url   pathname: 'uglify-js-brunch@~2.0.1',
59 verbose parsed url   path: 'uglify-js-brunch@~2.0.1',
59 verbose parsed url   href: 'uglify-js-brunch@~2.0.1' }
60 silly lockFile 25706d37-phoenix-file-deps-phoenix phoenix@file:deps/phoenix
61 verbose lock phoenix@file:deps/phoenix /Users/ioannis/.npm/25706d37-phoenix-file-deps-phoenix.lock
62 silly lockFile 3d88e48d-enix-html-file-deps-phoenix-html phoenix_html@file:deps/phoenix_html
63 verbose lock phoenix_html@file:deps/phoenix_html /Users/ioannis/.npm/3d88e48d-enix-html-file-deps-phoenix-html.lock
64 silly lockFile 6b74a846-babel-brunch-6-0-0 babel-brunch@~6.0.0
65 verbose lock babel-brunch@~6.0.0 /Users/ioannis/.npm/6b74a846-babel-brunch-6-0-0.lock
66 silly lockFile 34741395-brunch-2-7-4 brunch@2.7.4
67 verbose lock brunch@2.7.4 /Users/ioannis/.npm/34741395-brunch-2-7-4.lock
68 silly lockFile 2cc3d744-clean-css-brunch-2-0-0 clean-css-brunch@~2.0.0
69 verbose lock clean-css-brunch@~2.0.0 /Users/ioannis/.npm/2cc3d744-clean-css-brunch-2-0-0.lock
70 silly lockFile 1da32090-css-brunch-2-0-0 css-brunch@~2.0.0
71 verbose lock css-brunch@~2.0.0 /Users/ioannis/.npm/1da32090-css-brunch-2-0-0.lock
72 silly lockFile ba3f7e2f-javascript-brunch-2-0-0 javascript-brunch@~2.0.0
73 verbose lock javascript-brunch@~2.0.0 /Users/ioannis/.npm/ba3f7e2f-javascript-brunch-2-0-0.lock
74 verbose cache add name="uglify-js-brunch" spec="~2.0.1" args=["uglify-js-brunch","~2.0.1"]
75 verbose parsed url { protocol: null,
75 verbose parsed url   slashes: null,
75 verbose parsed url   auth: null,
75 verbose parsed url   host: null,
75 verbose parsed url   port: null,
75 verbose parsed url   hostname: null,
75 verbose parsed url   hash: null,
75 verbose parsed url   search: null,
75 verbose parsed url   query: null,
75 verbose parsed url   pathname: '~2.0.1',
75 verbose parsed url   path: '~2.0.1',
75 verbose parsed url   href: '~2.0.1' }
76 verbose addNamed [ 'uglify-js-brunch', '~2.0.1' ]
77 verbose addNamed [ null, '>=2.0.1-0 <2.1.0-0' ]
78 silly lockFile d368487a-uglify-js-brunch-2-0-1 uglify-js-brunch@~2.0.1
79 verbose lock uglify-js-brunch@~2.0.1 /Users/ioannis/.npm/d368487a-uglify-js-brunch-2-0-1.lock
80 info addNameTag [ 'phoenix', 'file:deps/phoenix' ]
81 info addNameTag [ 'phoenix_html', 'file:deps/phoenix_html' ]
82 silly addNameRange { name: 'babel-brunch',
82 silly addNameRange   range: '>=6.0.0-0 <6.1.0-0',
82 silly addNameRange   hasData: false }
83 silly addNameRange { name: 'clean-css-brunch',
83 silly addNameRange   range: '>=2.0.0-0 <2.1.0-0',
83 silly addNameRange   hasData: false }
84 silly addNameRange { name: 'css-brunch',
84 silly addNameRange   range: '>=2.0.0-0 <2.1.0-0',
84 silly addNameRange   hasData: false }
85 silly addNameRange { name: 'javascript-brunch',
85 silly addNameRange   range: '>=2.0.0-0 <2.1.0-0',
85 silly addNameRange   hasData: false }
86 silly addNameRange { name: 'uglify-js-brunch',
86 silly addNameRange   range: '>=2.0.1-0 <2.1.0-0',
86 silly addNameRange   hasData: false }
87 verbose request where is /phoenix
88 verbose request registry https://registry.npmjs.org/
89 verbose request id a2522ec2f247df54
90 verbose url raw /phoenix
91 verbose url resolving [ 'https://registry.npmjs.org/', './phoenix' ]
92 verbose url resolved https://registry.npmjs.org/phoenix
93 verbose request where is https://registry.npmjs.org/phoenix
94 info trying registry request attempt 1 at 00:55:33
95 verbose etag "4A5F4MW0TO0VKS93CASV2C3TF"
96 http GET https://registry.npmjs.org/phoenix
97 verbose request where is /phoenix_html
98 verbose request registry https://registry.npmjs.org/
99 verbose url raw /phoenix_html
100 verbose url resolving [ 'https://registry.npmjs.org/', './phoenix_html' ]
101 verbose url resolved https://registry.npmjs.org/phoenix_html
102 verbose request where is https://registry.npmjs.org/phoenix_html
103 info trying registry request attempt 1 at 00:55:33
104 http GET https://registry.npmjs.org/phoenix_html
105 verbose request where is /babel-brunch
106 verbose request registry https://registry.npmjs.org/
107 verbose url raw /babel-brunch
108 verbose url resolving [ 'https://registry.npmjs.org/', './babel-brunch' ]
109 verbose url resolved https://registry.npmjs.org/babel-brunch
110 verbose request where is https://registry.npmjs.org/babel-brunch
111 info trying registry request attempt 1 at 00:55:33
112 verbose etag "3KJ2FP8KIHGG2Z3EHRJ68ETJD"
113 http GET https://registry.npmjs.org/babel-brunch
114 verbose request where is /clean-css-brunch
115 verbose request registry https://registry.npmjs.org/
116 verbose url raw /clean-css-brunch
117 verbose url resolving [ 'https://registry.npmjs.org/', './clean-css-brunch' ]
118 verbose url resolved https://registry.npmjs.org/clean-css-brunch
119 verbose request where is https://registry.npmjs.org/clean-css-brunch
120 info trying registry request attempt 1 at 00:55:33
121 verbose etag "5MPZPCMAI74IWZRADCMJFIHZW"
122 http GET https://registry.npmjs.org/clean-css-brunch
123 verbose request where is /css-brunch
124 verbose request registry https://registry.npmjs.org/
125 verbose url raw /css-brunch
126 verbose url resolving [ 'https://registry.npmjs.org/', './css-brunch' ]
127 verbose url resolved https://registry.npmjs.org/css-brunch
128 verbose request where is https://registry.npmjs.org/css-brunch
129 info trying registry request attempt 1 at 00:55:33
130 verbose etag "4YX2L1NJVSI2XGV2B6L7CKNYH"
131 http GET https://registry.npmjs.org/css-brunch
132 verbose request where is /javascript-brunch
133 verbose request registry https://registry.npmjs.org/
134 verbose url raw /javascript-brunch
135 verbose url resolving [ 'https://registry.npmjs.org/', './javascript-brunch' ]
136 verbose url resolved https://registry.npmjs.org/javascript-brunch
137 verbose request where is https://registry.npmjs.org/javascript-brunch
138 info trying registry request attempt 1 at 00:55:33
139 verbose etag "29I869TOMAOKBX6F9X34ADN83"
140 http GET https://registry.npmjs.org/javascript-brunch
141 verbose request where is /uglify-js-brunch
142 verbose request registry https://registry.npmjs.org/
143 verbose url raw /uglify-js-brunch
144 verbose url resolving [ 'https://registry.npmjs.org/', './uglify-js-brunch' ]
145 verbose url resolved https://registry.npmjs.org/uglify-js-brunch
146 verbose request where is https://registry.npmjs.org/uglify-js-brunch
147 info trying registry request attempt 1 at 00:55:33
148 verbose etag "13FU9J8Y5W216UTLU2ZRS4T4M"
149 http GET https://registry.npmjs.org/uglify-js-brunch
150 verbose request where is /brunch
151 verbose request registry https://registry.npmjs.org/
152 verbose url raw /brunch
153 verbose url resolving [ 'https://registry.npmjs.org/', './brunch' ]
154 verbose url resolved https://registry.npmjs.org/brunch
155 verbose request where is https://registry.npmjs.org/brunch
156 info trying registry request attempt 1 at 00:55:33
157 verbose etag "5IXEIH3V1T5S11YC2434TNDNL"
158 http GET https://registry.npmjs.org/brunch
159 http 304 https://registry.npmjs.org/phoenix
160 silly registry.get cb [ 304,
160 silly registry.get   { date: 'Tue, 25 Oct 2016 21:55:33 GMT',
160 silly registry.get     via: '1.1 varnish',
160 silly registry.get     'cache-control': 'max-age=300',
160 silly registry.get     etag: '"4A5F4MW0TO0VKS93CASV2C3TF"',
160 silly registry.get     age: '126',
160 silly registry.get     connection: 'keep-alive',
160 silly registry.get     'x-served-by': 'cache-fra1221-FRA',
160 silly registry.get     'x-cache': 'HIT',
160 silly registry.get     'x-cache-hits': '1',
160 silly registry.get     'x-timer': 'S1477432533.492296,VS0,VE0',
160 silly registry.get     vary: 'Accept-Encoding' } ]
161 verbose etag https://registry.npmjs.org/phoenix from cache
162 info maybeGithub Attempting file:deps/phoenix from git://github.com/file:deps/phoenix
163 silly lockFile 6d5f9840-git-github-com-file-deps-phoenix git://github.com/file:deps/phoenix
164 verbose lock git://github.com/file:deps/phoenix /Users/ioannis/.npm/6d5f9840-git-github-com-file-deps-phoenix.lock
165 verbose addRemoteGit [ 'git://github.com/file:deps/phoenix', 'master' ]
166 http 304 https://registry.npmjs.org/css-brunch
167 silly registry.get cb [ 304,
167 silly registry.get   { date: 'Tue, 25 Oct 2016 21:55:33 GMT',
167 silly registry.get     via: '1.1 varnish',
167 silly registry.get     'cache-control': 'max-age=300',
167 silly registry.get     etag: '"4YX2L1NJVSI2XGV2B6L7CKNYH"',
167 silly registry.get     age: '127',
167 silly registry.get     connection: 'keep-alive',
167 silly registry.get     'x-served-by': 'cache-fra1231-FRA',
167 silly registry.get     'x-cache': 'HIT',
167 silly registry.get     'x-cache-hits': '1',
167 silly registry.get     'x-timer': 'S1477432533.524574,VS0,VE0',
167 silly registry.get     vary: 'Accept-Encoding' } ]
168 verbose etag https://registry.npmjs.org/css-brunch from cache
169 silly addNameRange number 2 { name: 'css-brunch',
169 silly addNameRange   range: '>=2.0.0-0 <2.1.0-0',
169 silly addNameRange   hasData: true }
170 silly addNameRange versions [ 'css-brunch',
170 silly addNameRange   [ '1.0.0',
170 silly addNameRange     '1.1.0',
170 silly addNameRange     '1.1.1',
170 silly addNameRange     '1.3.0',
170 silly addNameRange     '1.5.0',
170 silly addNameRange     '1.5.1',
170 silly addNameRange     '1.6.0',
170 silly addNameRange     '1.7.0',
170 silly addNameRange     '2.0.0',
170 silly addNameRange     '2.6.0',
170 silly addNameRange     '2.6.1' ] ]
171 verbose addNamed [ 'css-brunch', '2.0.0' ]
172 verbose addNamed [ '2.0.0', '2.0.0' ]
173 silly lockFile 708400cd-css-brunch-2-0-0 css-brunch@2.0.0
174 verbose lock css-brunch@2.0.0 /Users/ioannis/.npm/708400cd-css-brunch-2-0-0.lock
175 silly lockFile 708400cd-css-brunch-2-0-0 css-brunch@2.0.0
176 silly lockFile 708400cd-css-brunch-2-0-0 css-brunch@2.0.0
177 silly lockFile 1da32090-css-brunch-2-0-0 css-brunch@~2.0.0
178 silly lockFile 1da32090-css-brunch-2-0-0 css-brunch@~2.0.0
179 http 304 https://registry.npmjs.org/clean-css-brunch
180 silly registry.get cb [ 304,
180 silly registry.get   { date: 'Tue, 25 Oct 2016 21:55:33 GMT',
180 silly registry.get     via: '1.1 varnish',
180 silly registry.get     'cache-control': 'max-age=300',
180 silly registry.get     etag: '"5MPZPCMAI74IWZRADCMJFIHZW"',
180 silly registry.get     age: '127',
180 silly registry.get     connection: 'keep-alive',
180 silly registry.get     'x-served-by': 'cache-fra1220-FRA',
180 silly registry.get     'x-cache': 'HIT',
180 silly registry.get     'x-cache-hits': '1',
180 silly registry.get     'x-timer': 'S1477432533.542826,VS0,VE0',
180 silly registry.get     vary: 'Accept-Encoding' } ]
181 verbose etag https://registry.npmjs.org/clean-css-brunch from cache
182 silly addNameRange number 2 { name: 'clean-css-brunch',
182 silly addNameRange   range: '>=2.0.0-0 <2.1.0-0',
182 silly addNameRange   hasData: true }
183 silly addNameRange versions [ 'clean-css-brunch',
183 silly addNameRange   [ '1.0.0',
183 silly addNameRange     '1.1.0',
183 silly addNameRange     '1.1.1',
183 silly addNameRange     '1.3.0',
183 silly addNameRange     '1.4.0',
183 silly addNameRange     '1.5.0',
183 silly addNameRange     '1.5.1',
183 silly addNameRange     '1.6.0',
183 silly addNameRange     '1.7.0',
183 silly addNameRange     '1.7.1',
183 silly addNameRange     '1.7.2',
183 silly addNameRange     '1.8.0',
183 silly addNameRange     '2.0.0' ] ]
184 verbose addNamed [ 'clean-css-brunch', '2.0.0' ]
185 verbose addNamed [ '2.0.0', '2.0.0' ]
186 silly lockFile 9c5c8935-clean-css-brunch-2-0-0 clean-css-brunch@2.0.0
187 verbose lock clean-css-brunch@2.0.0 /Users/ioannis/.npm/9c5c8935-clean-css-brunch-2-0-0.lock
188 http 304 https://registry.npmjs.org/babel-brunch
189 silly registry.get cb [ 304,
189 silly registry.get   { date: 'Tue, 25 Oct 2016 21:55:33 GMT',
189 silly registry.get     via: '1.1 varnish',
189 silly registry.get     'cache-control': 'max-age=300',
189 silly registry.get     etag: '"3KJ2FP8KIHGG2Z3EHRJ68ETJD"',
189 silly registry.get     age: '127',
189 silly registry.get     connection: 'keep-alive',
189 silly registry.get     'x-served-by': 'cache-fra1236-FRA',
189 silly registry.get     'x-cache': 'HIT',
189 silly registry.get     'x-cache-hits': '1',
189 silly registry.get     'x-timer': 'S1477432533.547024,VS0,VE0',
189 silly registry.get     vary: 'Accept-Encoding' } ]
190 verbose etag https://registry.npmjs.org/babel-brunch from cache
191 silly lockFile 9c5c8935-clean-css-brunch-2-0-0 clean-css-brunch@2.0.0
192 silly lockFile 9c5c8935-clean-css-brunch-2-0-0 clean-css-brunch@2.0.0
193 silly lockFile 2cc3d744-clean-css-brunch-2-0-0 clean-css-brunch@~2.0.0
194 silly lockFile 2cc3d744-clean-css-brunch-2-0-0 clean-css-brunch@~2.0.0
195 silly addNameRange number 2 { name: 'babel-brunch',
195 silly addNameRange   range: '>=6.0.0-0 <6.1.0-0',
195 silly addNameRange   hasData: true }
196 silly addNameRange versions [ 'babel-brunch',
196 silly addNameRange   [ '4.0.0',
196 silly addNameRange     '5.0.0',
196 silly addNameRange     '5.0.1',
196 silly addNameRange     '5.1.0',
196 silly addNameRange     '5.1.1',
196 silly addNameRange     '5.1.2',
196 silly addNameRange     '6.0.0',
196 silly addNameRange     '6.0.1',
196 silly addNameRange     '6.0.2',
196 silly addNameRange     '6.0.3',
196 silly addNameRange     '6.0.4',
196 silly addNameRange     '6.0.5',
196 silly addNameRange     '6.0.6' ] ]
197 verbose addNamed [ 'babel-brunch', '6.0.6' ]
198 verbose addNamed [ '6.0.6', '6.0.6' ]
199 silly lockFile cd22ecc2-babel-brunch-6-0-6 babel-brunch@6.0.6
200 verbose lock babel-brunch@6.0.6 /Users/ioannis/.npm/cd22ecc2-babel-brunch-6-0-6.lock
201 silly lockFile cd22ecc2-babel-brunch-6-0-6 babel-brunch@6.0.6
202 silly lockFile cd22ecc2-babel-brunch-6-0-6 babel-brunch@6.0.6
203 silly lockFile 6b74a846-babel-brunch-6-0-0 babel-brunch@~6.0.0
204 silly lockFile 6b74a846-babel-brunch-6-0-0 babel-brunch@~6.0.0
205 http 304 https://registry.npmjs.org/javascript-brunch
206 silly registry.get cb [ 304,
206 silly registry.get   { date: 'Tue, 25 Oct 2016 21:55:33 GMT',
206 silly registry.get     via: '1.1 varnish',
206 silly registry.get     'cache-control': 'max-age=300',
206 silly registry.get     etag: '"29I869TOMAOKBX6F9X34ADN83"',
206 silly registry.get     age: '127',
206 silly registry.get     connection: 'keep-alive',
206 silly registry.get     'x-served-by': 'cache-fra1221-FRA',
206 silly registry.get     'x-cache': 'HIT',
206 silly registry.get     'x-cache-hits': '1',
206 silly registry.get     'x-timer': 'S1477432533.576018,VS0,VE0',
206 silly registry.get     vary: 'Accept-Encoding' } ]
207 verbose etag https://registry.npmjs.org/javascript-brunch from cache
208 silly addNameRange number 2 { name: 'javascript-brunch',
208 silly addNameRange   range: '>=2.0.0-0 <2.1.0-0',
208 silly addNameRange   hasData: true }
209 silly addNameRange versions [ 'javascript-brunch',
209 silly addNameRange   [ '1.0.0',
209 silly addNameRange     '1.1.0',
209 silly addNameRange     '1.1.1',
209 silly addNameRange     '1.3.0',
209 silly addNameRange     '1.5.0',
209 silly addNameRange     '1.5.1',
209 silly addNameRange     '1.6.0',
209 silly addNameRange     '1.7.0',
209 silly addNameRange     '1.7.1',
209 silly addNameRange     '1.8.0',
209 silly addNameRange     '2.0.0' ] ]
210 verbose addNamed [ 'javascript-brunch', '2.0.0' ]
211 verbose addNamed [ '2.0.0', '2.0.0' ]
212 silly lockFile 67fa401c-javascript-brunch-2-0-0 javascript-brunch@2.0.0
213 verbose lock javascript-brunch@2.0.0 /Users/ioannis/.npm/67fa401c-javascript-brunch-2-0-0.lock
214 silly lockFile 67fa401c-javascript-brunch-2-0-0 javascript-brunch@2.0.0
215 silly lockFile 67fa401c-javascript-brunch-2-0-0 javascript-brunch@2.0.0
216 silly lockFile ba3f7e2f-javascript-brunch-2-0-0 javascript-brunch@~2.0.0
217 silly lockFile ba3f7e2f-javascript-brunch-2-0-0 javascript-brunch@~2.0.0
218 http 304 https://registry.npmjs.org/uglify-js-brunch
219 silly registry.get cb [ 304,
219 silly registry.get   { date: 'Tue, 25 Oct 2016 21:55:33 GMT',
219 silly registry.get     via: '1.1 varnish',
219 silly registry.get     'cache-control': 'max-age=300',
219 silly registry.get     etag: '"13FU9J8Y5W216UTLU2ZRS4T4M"',
219 silly registry.get     age: '127',
219 silly registry.get     connection: 'keep-alive',
219 silly registry.get     'x-served-by': 'cache-fra1231-FRA',
219 silly registry.get     'x-cache': 'HIT',
219 silly registry.get     'x-cache-hits': '1',
219 silly registry.get     'x-timer': 'S1477432533.609325,VS0,VE0',
219 silly registry.get     vary: 'Accept-Encoding' } ]
220 verbose etag https://registry.npmjs.org/uglify-js-brunch from cache
221 silly addNameRange number 2 { name: 'uglify-js-brunch',
221 silly addNameRange   range: '>=2.0.1-0 <2.1.0-0',
221 silly addNameRange   hasData: true }
222 silly addNameRange versions [ 'uglify-js-brunch',
222 silly addNameRange   [ '1.0.0',
222 silly addNameRange     '1.1.0',
222 silly addNameRange     '1.1.1',
222 silly addNameRange     '1.3.0',
222 silly addNameRange     '1.3.1',
222 silly addNameRange     '1.5.0',
222 silly addNameRange     '1.5.1',
222 silly addNameRange     '1.7.0',
222 silly addNameRange     '1.7.1',
222 silly addNameRange     '1.7.2',
222 silly addNameRange     '1.7.3',
222 silly addNameRange     '1.7.4',
222 silly addNameRange     '1.7.5',
222 silly addNameRange     '1.7.6',
222 silly addNameRange     '1.7.7',
222 silly addNameRange     '1.7.8',
222 silly addNameRange     '2.0.0',
222 silly addNameRange     '2.0.1' ] ]
223 verbose addNamed [ 'uglify-js-brunch', '2.0.1' ]
224 verbose addNamed [ '2.0.1', '2.0.1' ]
225 silly lockFile 670853b1-uglify-js-brunch-2-0-1 uglify-js-brunch@2.0.1
226 verbose lock uglify-js-brunch@2.0.1 /Users/ioannis/.npm/670853b1-uglify-js-brunch-2-0-1.lock
227 silly lockFile 670853b1-uglify-js-brunch-2-0-1 uglify-js-brunch@2.0.1
228 silly lockFile 670853b1-uglify-js-brunch-2-0-1 uglify-js-brunch@2.0.1
229 silly lockFile d368487a-uglify-js-brunch-2-0-1 uglify-js-brunch@~2.0.1
230 silly lockFile d368487a-uglify-js-brunch-2-0-1 uglify-js-brunch@~2.0.1
231 http 404 https://registry.npmjs.org/phoenix_html
232 silly registry.get cb [ 404,
232 silly registry.get   { 'content-type': 'application/json',
232 silly registry.get     'cache-control': 'max-age=0',
232 silly registry.get     'content-length': '2',
232 silly registry.get     'accept-ranges': 'bytes',
232 silly registry.get     date: 'Tue, 25 Oct 2016 21:55:33 GMT',
232 silly registry.get     via: '1.1 varnish',
232 silly registry.get     age: '0',
232 silly registry.get     connection: 'keep-alive',
232 silly registry.get     'x-served-by': 'cache-fra1240-FRA',
232 silly registry.get     'x-cache': 'MISS',
232 silly registry.get     'x-cache-hits': '0',
232 silly registry.get     'x-timer': 'S1477432533.514386,VS0,VE110',
232 silly registry.get     vary: 'Accept-Encoding' } ]
233 info maybeGithub Attempting file:deps/phoenix_html from git://github.com/file:deps/phoenix_html
234 silly lockFile f4155054-ithub-com-file-deps-phoenix-html git://github.com/file:deps/phoenix_html
235 verbose lock git://github.com/file:deps/phoenix_html /Users/ioannis/.npm/f4155054-ithub-com-file-deps-phoenix-html.lock
236 verbose addRemoteGit [ 'git://github.com/file:deps/phoenix_html', 'master' ]
237 http 304 https://registry.npmjs.org/brunch
238 silly registry.get cb [ 304,
238 silly registry.get   { date: 'Tue, 25 Oct 2016 21:55:33 GMT',
238 silly registry.get     via: '1.1 varnish',
238 silly registry.get     'cache-control': 'max-age=300',
238 silly registry.get     etag: '"5IXEIH3V1T5S11YC2434TNDNL"',
238 silly registry.get     age: '128',
238 silly registry.get     connection: 'keep-alive',
238 silly registry.get     'x-served-by': 'cache-fra1220-FRA',
238 silly registry.get     'x-cache': 'HIT',
238 silly registry.get     'x-cache-hits': '1',
238 silly registry.get     'x-timer': 'S1477432533.641587,VS0,VE0',
238 silly registry.get     vary: 'Accept-Encoding' } ]
239 verbose etag https://registry.npmjs.org/brunch from cache
240 silly lockFile 34741395-brunch-2-7-4 brunch@2.7.4
241 silly lockFile 34741395-brunch-2-7-4 brunch@2.7.4
242 verbose git clone git://github.com/file:deps/phoenix_html Cloning into bare repository '/Users/ioannis/.npm/_git-remotes/git-github-com-file-deps-phoenix-html-f4155054'...
242 verbose git clone git://github.com/file:deps/phoenix_html fatal: remote error:
242 verbose git clone git://github.com/file:deps/phoenix_html   %s is not a valid repository name
242 verbose git clone git://github.com/file:deps/phoenix_html   Email support@github.com for help
243 silly lockFile f4155054-ithub-com-file-deps-phoenix-html git://github.com/file:deps/phoenix_html
244 silly lockFile f4155054-ithub-com-file-deps-phoenix-html git://github.com/file:deps/phoenix_html
245 info maybeGithub Attempting file:deps/phoenix_html from git+ssh://git@github.com:file:deps/phoenix_html
246 silly lockFile 50a27b71-ithub-com-file-deps-phoenix-html git@github.com:file:deps/phoenix_html
247 verbose lock git@github.com:file:deps/phoenix_html /Users/ioannis/.npm/50a27b71-ithub-com-file-deps-phoenix-html.lock
248 verbose addRemoteGit [ 'git@github.com:file:deps/phoenix_html', 'master' ]
249 verbose git clone git://github.com/file:deps/phoenix Cloning into bare repository '/Users/ioannis/.npm/_git-remotes/git-github-com-file-deps-phoenix-6d5f9840'...
249 verbose git clone git://github.com/file:deps/phoenix fatal: remote error:
249 verbose git clone git://github.com/file:deps/phoenix   %s is not a valid repository name
249 verbose git clone git://github.com/file:deps/phoenix   Email support@github.com for help
250 silly lockFile 6d5f9840-git-github-com-file-deps-phoenix git://github.com/file:deps/phoenix
251 silly lockFile 6d5f9840-git-github-com-file-deps-phoenix git://github.com/file:deps/phoenix
252 info maybeGithub Attempting file:deps/phoenix from git+ssh://git@github.com:file:deps/phoenix
253 silly lockFile c83d6c1a-git-github-com-file-deps-phoenix git@github.com:file:deps/phoenix
254 verbose lock git@github.com:file:deps/phoenix /Users/ioannis/.npm/c83d6c1a-git-github-com-file-deps-phoenix.lock
255 verbose addRemoteGit [ 'git@github.com:file:deps/phoenix', 'master' ]
256 error git clone git@github.com:file:deps/phoenix_html Cloning into bare repository '/Users/ioannis/.npm/_git-remotes/git-github-com-file-deps-phoenix-html-50a27b71'...
256 error git clone git@github.com:file:deps/phoenix_html fatal: remote error:
256 error git clone git@github.com:file:deps/phoenix_html   %s is not a valid repository name
256 error git clone git@github.com:file:deps/phoenix_html   Email support@github.com for help
257 silly lockFile 50a27b71-ithub-com-file-deps-phoenix-html git@github.com:file:deps/phoenix_html
258 silly lockFile 50a27b71-ithub-com-file-deps-phoenix-html git@github.com:file:deps/phoenix_html
259 silly lockFile 3d88e48d-enix-html-file-deps-phoenix-html phoenix_html@file:deps/phoenix_html
260 silly lockFile 3d88e48d-enix-html-file-deps-phoenix-html phoenix_html@file:deps/phoenix_html
261 error git clone git@github.com:file:deps/phoenix Cloning into bare repository '/Users/ioannis/.npm/_git-remotes/git-github-com-file-deps-phoenix-c83d6c1a'...
261 error git clone git@github.com:file:deps/phoenix fatal: remote error:
261 error git clone git@github.com:file:deps/phoenix   %s is not a valid repository name
261 error git clone git@github.com:file:deps/phoenix   Email support@github.com for help
262 silly lockFile c83d6c1a-git-github-com-file-deps-phoenix git@github.com:file:deps/phoenix
263 silly lockFile c83d6c1a-git-github-com-file-deps-phoenix git@github.com:file:deps/phoenix
264 silly lockFile 25706d37-phoenix-file-deps-phoenix phoenix@file:deps/phoenix
265 silly lockFile 25706d37-phoenix-file-deps-phoenix phoenix@file:deps/phoenix
266 error 404 Not Found
266 error 404
266 error 404 'phoenix_html' is not in the npm registry.
266 error 404 You should bug the author to publish it
266 error 404
266 error 404 Note that you can also install from a
266 error 404 tarball, folder, or http url, or git url.
267 error System Darwin 15.6.0
268 error command "/Users/ioannis/.nvm/v0.10.32/bin/node" "/Users/ioannis/.nvm/v0.10.32/bin/npm" "install"
269 error cwd /Users/ioannis/Development/phoenix_blog
270 error node -v v0.10.32
271 error npm -v 1.4.28
272 error code E404
273 verbose exit [ 1, true ]
